<?xml version="1.0" encoding="UTF-8" ?>
<testsuite tests="2" failures="2" name="testRunner.TestRun" time="47.953" errors="0" skipped="0">
  <properties>
    <property name="java.runtime.name" value="Java(TM) SE Runtime Environment"/>
    <property name="sun.boot.library.path" value="C:\Program Files\Java\jdk1.8.0_211\jre\bin"/>
    <property name="java.vm.version" value="25.211-b12"/>
    <property name="java.vm.vendor" value="Oracle Corporation"/>
    <property name="maven.multiModuleProjectDirectory" value="E:\workspace\Banking_V3"/>
    <property name="java.vendor.url" value="http://java.oracle.com/"/>
    <property name="path.separator" value=";"/>
    <property name="guice.disable.misplaced.annotation.check" value="true"/>
    <property name="java.vm.name" value="Java HotSpot(TM) 64-Bit Server VM"/>
    <property name="file.encoding.pkg" value="sun.io"/>
    <property name="user.script" value=""/>
    <property name="user.country" value="US"/>
    <property name="sun.java.launcher" value="SUN_STANDARD"/>
    <property name="sun.os.patch.level" value="Service Pack 1"/>
    <property name="java.vm.specification.name" value="Java Virtual Machine Specification"/>
    <property name="user.dir" value="E:\workspace\Banking_V3"/>
    <property name="java.runtime.version" value="1.8.0_211-b12"/>
    <property name="java.awt.graphicsenv" value="sun.awt.Win32GraphicsEnvironment"/>
    <property name="java.endorsed.dirs" value="C:\Program Files\Java\jdk1.8.0_211\jre\lib\endorsed"/>
    <property name="os.arch" value="amd64"/>
    <property name="java.io.tmpdir" value="C:\Users\HP\AppData\Local\Temp\"/>
    <property name="line.separator" value="
"/>
    <property name="java.vm.specification.vendor" value="Oracle Corporation"/>
    <property name="user.variant" value=""/>
    <property name="os.name" value="Windows 7"/>
    <property name="classworlds.conf" value="C:\apache-maven-3.6.1\bin\..\bin\m2.conf"/>
    <property name="sun.jnu.encoding" value="Cp1252"/>
    <property name="java.library.path" value="C:\Program Files\Java\jdk1.8.0_211\bin;C:\Windows\Sun\Java\bin;C:\Windows\system32;C:\Windows;C:\apache-maven-3.6.1\bin;C:\Program Files (x86)\Common Files\Oracle\Java\javapath;C:\Windows\system32;C:\Windows;C:\apache-maven-3.6.1\;C:\apache-maven-3.6.1\\bin;C:\Windows\System32\Wbem;C:\Windows\System32\WindowsPowerShell\v1.0\;."/>
    <property name="maven.conf" value="C:\apache-maven-3.6.1\bin\../conf"/>
    <property name="java.specification.name" value="Java Platform API Specification"/>
    <property name="java.class.version" value="52.0"/>
    <property name="sun.management.compiler" value="HotSpot 64-Bit Tiered Compilers"/>
    <property name="os.version" value="6.1"/>
    <property name="library.jansi.path" value="C:\apache-maven-3.6.1\bin\..\lib\jansi-native"/>
    <property name="user.home" value="C:\Users\HP"/>
    <property name="user.timezone" value="Asia/Calcutta"/>
    <property name="java.awt.printerjob" value="sun.awt.windows.WPrinterJob"/>
    <property name="java.specification.version" value="1.8"/>
    <property name="file.encoding" value="Cp1252"/>
    <property name="user.name" value="HP"/>
    <property name="java.class.path" value="C:\apache-maven-3.6.1\bin\..\boot\plexus-classworlds-2.6.0.jar"/>
    <property name="java.vm.specification.version" value="1.8"/>
    <property name="sun.arch.data.model" value="64"/>
    <property name="java.home" value="C:\Program Files\Java\jdk1.8.0_211\jre"/>
    <property name="sun.java.command" value="org.codehaus.plexus.classworlds.launcher.Launcher clean install"/>
    <property name="java.specification.vendor" value="Oracle Corporation"/>
    <property name="user.language" value="en"/>
    <property name="awt.toolkit" value="sun.awt.windows.WToolkit"/>
    <property name="java.vm.info" value="mixed mode"/>
    <property name="java.version" value="1.8.0_211"/>
    <property name="java.ext.dirs" value="C:\Program Files\Java\jdk1.8.0_211\jre\lib\ext;C:\Windows\Sun\Java\lib\ext"/>
    <property name="sun.boot.class.path" value="C:\Program Files\Java\jdk1.8.0_211\jre\lib\resources.jar;C:\Program Files\Java\jdk1.8.0_211\jre\lib\rt.jar;C:\Program Files\Java\jdk1.8.0_211\jre\lib\sunrsasign.jar;C:\Program Files\Java\jdk1.8.0_211\jre\lib\jsse.jar;C:\Program Files\Java\jdk1.8.0_211\jre\lib\jce.jar;C:\Program Files\Java\jdk1.8.0_211\jre\lib\charsets.jar;C:\Program Files\Java\jdk1.8.0_211\jre\lib\jfr.jar;C:\Program Files\Java\jdk1.8.0_211\jre\classes"/>
    <property name="sun.stderr.encoding" value="cp437"/>
    <property name="java.vendor" value="Oracle Corporation"/>
    <property name="maven.home" value="C:\apache-maven-3.6.1\bin\.."/>
    <property name="file.separator" value="\"/>
    <property name="java.vendor.url.bug" value="http://bugreport.sun.com/bugreport/"/>
    <property name="sun.cpu.endian" value="little"/>
    <property name="sun.io.unicode.encoding" value="UnicodeLittle"/>
    <property name="sun.stdout.encoding" value="cp437"/>
    <property name="sun.desktop" value="windows"/>
    <property name="sun.cpu.isalist" value="amd64"/>
  </properties>
  <testcase classname="Customer" name="Add a customer" time="22.619">
    <failure message="expected:&lt;[Your store. Login]&gt; but was:&lt;[admin-demo.nopcommerce.com]&gt;" type="junit.framework.ComparisonFailure">junit.framework.ComparisonFailure: expected:&lt;[Your store. Login]&gt; but was:&lt;[admin-demo.nopcommerce.com]&gt;
	at junit.framework.Assert.assertEquals(Assert.java:100)
	at junit.framework.Assert.assertEquals(Assert.java:107)
	at Step_Defination.Step.user_can_view_the_dashboard(Step.java:118)
	at ✽.User can view the dashboard(file:Features/Customer.feature:8)
</failure>
    <system-out>Feature: Customer

  Background: below are the steps for each scenario                        # Features/Customer.feature:3
 INFO [main] {Step.java:51} - *************Launching Browser*************
    Given user launch Chrome browser                                       # Step.user_launch_Chrome_browser()
 INFO [main] {Step.java:65} - *************Launching URL*************
    When User opens URL &quot;https://admin-demo.nopcommerce.com/login&quot;         # Step.user_opens_URL(String)
 INFO [main] {Step.java:74} - *************providing Login Detailsr*************
    And user enters email as &quot;admin@yourstore.com&quot; and password as &quot;admin&quot; # Step.user_enters_email_as_and_password_as(String,String)
 INFO [main] {Step.java:82} - *************Started Login*************
    And Click on  login                                                    # Step.click_on_login()
    Then User can view the dashboard                                       # Step.user_can_view_the_dashboard()
      junit.framework.ComparisonFailure: expected:&lt;[Your store. Login]&gt; but was:&lt;[admin-demo.nopcommerce.com]&gt;
	at junit.framework.Assert.assertEquals(Assert.java:100)
	at junit.framework.Assert.assertEquals(Assert.java:107)
	at Step_Defination.Step.user_can_view_the_dashboard(Step.java:118)
	at ?.User can view the dashboard(file:Features/Customer.feature:8)


  @sanity
  Scenario: Add a customer                                                             # Features/Customer.feature:10
    When user click on customers menu                                                  # Step.user_click_on_customers_menu()
    And user click on customers menu item                                              # Step.user_click_on_customers_menu_item()
    And click on add new customer page                                                 # Step.click_on_add_new_customer_page()
    When user enter customer info                                                      # Step.user_enter_customer_info()
    And click on save button                                                           # Step.click_on_save_button()
    Then user can view confirmation message &quot;the new user has been added successfully&quot; # Step.user_can_view_confirmation_message(String)
    And Close browser                                                                  # Step.close_browser()
</system-out>
    <system-err>Jul 21, 2019 1:28:51 PM cucumber.runtime.filter.TagExpressionOld isOldTagExpression
WARNING: Found tags option &apos;@sanity,@regression&apos;. Support for &apos;@tag1,@tag2&apos; will be removed from the next release of Cucumber-JVM. Please use &apos;@tag or @tag2&apos; instead
Jul 21, 2019 1:28:51 PM cucumber.runtime.java.ObjectFactoryLoader loadSingleObjectFactory
WARNING: Use deprecated reflections to load ObjectFactory.
Starting ChromeDriver 72.0.3626.69 (3c16f8a135abc0d4da2dff33804db79b849a7c38) on port 17178
Only local connections are allowed.
Please protect ports used by ChromeDriver and related test frameworks to prevent access by malicious code.
Jul 21, 2019 1:28:58 PM org.openqa.selenium.remote.ProtocolHandshake createSession
INFO: Detected dialect: OSS
</system-err>
  </testcase>
  <testcase classname="Customer" name="Search Customer by EmailID" time="25.334">
    <failure message="expected:&lt;[Your store. Login]&gt; but was:&lt;[admin-demo.nopcommerce.com]&gt;" type="junit.framework.ComparisonFailure">junit.framework.ComparisonFailure: expected:&lt;[Your store. Login]&gt; but was:&lt;[admin-demo.nopcommerce.com]&gt;
	at junit.framework.Assert.assertEquals(Assert.java:100)
	at junit.framework.Assert.assertEquals(Assert.java:107)
	at Step_Defination.Step.user_can_view_the_dashboard(Step.java:118)
	at ✽.User can view the dashboard(file:Features/Customer.feature:8)
</failure>
    <system-out>
  Background: below are the steps for each scenario                        # Features/Customer.feature:3
 INFO [main] {Step.java:51} - *************Launching Browser*************
    Given user launch Chrome browser                                       # Step.user_launch_Chrome_browser()
 INFO [main] {Step.java:65} - *************Launching URL*************
    When User opens URL &quot;https://admin-demo.nopcommerce.com/login&quot;         # Step.user_opens_URL(String)
 INFO [main] {Step.java:74} - *************providing Login Detailsr*************
    And user enters email as &quot;admin@yourstore.com&quot; and password as &quot;admin&quot; # Step.user_enters_email_as_and_password_as(String,String)
 INFO [main] {Step.java:82} - *************Started Login*************
    And Click on  login                                                    # Step.click_on_login()
    Then User can view the dashboard                                       # Step.user_can_view_the_dashboard()
      junit.framework.ComparisonFailure: expected:&lt;[Your store. Login]&gt; but was:&lt;[admin-demo.nopcommerce.com]&gt;
	at junit.framework.Assert.assertEquals(Assert.java:100)
	at junit.framework.Assert.assertEquals(Assert.java:107)
	at Step_Defination.Step.user_can_view_the_dashboard(Step.java:118)
	at ?.User can view the dashboard(file:Features/Customer.feature:8)


  @regression
  Scenario: Search Customer by EmailID               # Features/Customer.feature:19
    When user click on customers menu                # Step.user_click_on_customers_menu()
    And user click on customers menu item            # Step.user_click_on_customers_menu_item()
    And Enter customer Email                         # Step.enter_customer_Email()
    When click on search btton                       # Step.click_on_search_btton()
    Then user should found email in the search table # Step.user_should_found_email_in_the_search_table()
    And Close browser                                # Step.close_browser()
</system-out>
    <system-err>Starting ChromeDriver 72.0.3626.69 (3c16f8a135abc0d4da2dff33804db79b849a7c38) on port 31079
Only local connections are allowed.
Please protect ports used by ChromeDriver and related test frameworks to prevent access by malicious code.
Jul 21, 2019 1:29:16 PM org.openqa.selenium.remote.ProtocolHandshake createSession
INFO: Detected dialect: OSS
</system-err>
  </testcase>
</testsuite>